🌟 PhilosoMini模型参数的十六进制展示与含义解析 🌟
============================================================
模型开始训练...
模型训练完成！

📊 模型总参数量: 135个

--- 参数组: embedding.weight --- (形状: torch.Size([15, 4]))
💡 含义: 这些参数定义了每个词汇在'意义空间'中的位置（坐标）。
   每个词被4个浮点数（4个维度）描述。
   例如，'小猫'的这4个数字，就代表了'小猫'的某种数字化的'性格'或'属性'。

   词汇 '<start>' (ID:0) 的意义向量:
     维度 1: 十进制=-1.855530, 十六进制=0xbfed81fe
     维度 2: 十进制=-2.819238, 十六进制=0xc0346e66
     维度 3: 十进制=-0.640920, 十六进制=0xbf241352
     维度 4: 十进制=2.751804, 十六进制=0x40301d8e

   词汇 '<end>' (ID:1) 的意义向量:
     维度 1: 十进制=0.035006, 十六进制=0x3d0f62ea
     维度 2: 十进制=1.659084, 十六进制=0x3fd45ce1
     维度 3: 十进制=0.222533, 十六进制=0x3e63dfca
     维度 4: 十进制=1.331596, 十六进制=0x3faa71bf

   词汇 '小猫' (ID:2) 的意义向量:
     维度 1: 十进制=2.282626, 十六进制=0x4012168a
     维度 2: 十进制=-0.011357, 十六进制=0xbc3a1324
     维度 3: 十进制=-1.250873, 十六进制=0xbfa01c9f
     维度 4: 十进制=-0.760456, 十六进制=0xbf42ad42

   词汇 '小狗' (ID:3) 的意义向量:
     维度 1: 十进制=3.546460, 十六进制=0x4062f932
     维度 2: 十进制=0.157019, 十六进制=0x3e20c983
     维度 3: 十进制=0.482978, 十六进制=0x3ef748f1
     维度 4: 十进制=0.054377, 十六进制=0x3d5eba77

   词汇 '鸟儿' (ID:4) 的意义向量:
     维度 1: 十进制=-0.675839, 十六进制=0xbf2d03c8
     维度 2: 十进制=-1.159700, 十六进制=0xbf947109
     维度 3: 十进制=-1.781261, 十六进制=0xbfe40060
     维度 4: 十进制=-2.350651, 十六进制=0xc0167111

   词汇 '跑步' (ID:5) 的意义向量:
     维度 1: 十进制=-1.879485, 十六进制=0xbff092f4
     维度 2: 十进制=0.865617, 十六进制=0x3f5d990b
     维度 3: 十进制=1.852352, 十六进制=0x3fed19e0
     维度 4: 十进制=2.279894, 十六进制=0x4011e9c8

   词汇 '飞翔' (ID:6) 的意义向量:
     维度 1: 十进制=-1.781018, 十六进制=0xbfe3f863
     维度 2: 十进制=1.208353, 十六进制=0x3f9aab4e
     维度 3: 十进制=1.844838, 十六进制=0x3fec23a9
     维度 4: 十进制=0.764051, 十六进制=0x3f4398d6

   词汇 '睡觉' (ID:7) 的意义向量:
     维度 1: 十进制=-2.732258, 十六进制=0xc02edd4f
     维度 2: 十进制=1.491599, 十六进制=0x3fbeecb4
     维度 3: 十进制=1.427514, 十六进制=0x3fb6b8c4
     维度 4: 十进制=1.744230, 十六进制=0x3fdf42ec

   词汇 '快乐' (ID:8) 的意义向量:
     维度 1: 十进制=-0.992486, 十六进制=0xbf7e1395
     维度 2: 十进制=1.625090, 十六进制=0x3fd002f4
     维度 3: 十进制=2.197705, 十六进制=0x400ca731
     维度 4: 十进制=2.249792, 十六进制=0x400ffc99

   词汇 '安静' (ID:9) 的意义向量:
     维度 1: 十进制=-1.826362, 十六进制=0xbfe9c63c
     维度 2: 十进制=0.828532, 十六进制=0x3f541aaa
     维度 3: 十进制=1.681142, 十六进制=0x3fd72fa9
     维度 4: 十进制=0.692718, 十六进制=0x3f3155f5

   词汇 '在' (ID:10) 的意义向量:
     维度 1: 十进制=0.092843, 十六进制=0x3dbe2453
     维度 2: 十进制=2.918202, 十六进制=0x403ac3d2
     维度 3: 十进制=-1.027928, 十六进制=0xbf839322
     维度 4: 十进制=3.296442, 十六进制=0x4052f8e6

   词汇 '花园' (ID:11) 的意义向量:
     维度 1: 十进制=2.356076, 十六进制=0x4016c9f3
     维度 2: 十进制=4.844025, 十六进制=0x409b0241
     维度 3: 十进制=2.149050, 十六进制=0x40098a0a
     维度 4: 十进制=-3.593542, 十六进制=0xc065fc97

   词汇 '天空' (ID:12) 的意义向量:
     维度 1: 十进制=2.323339, 十六进制=0x4014b196
     维度 2: 十进制=-2.821617, 十六进制=0xc0349561
     维度 3: 十进制=2.102514, 十六进制=0x40068f95
     维度 4: 十进制=-0.717006, 十六进制=0xbf378db0

   词汇 '里' (ID:13) 的意义向量:
     维度 1: 十进制=-2.490289, 十六进制=0xc01f60e7
     维度 2: 十进制=2.066536, 十六进制=0x40044221
     维度 3: 十进制=1.334655, 十六进制=0x3faad5fd
     维度 4: 十进制=1.302458, 十六进制=0x3fa6b6ee

   词汇 '中' (ID:14) 的意义向量:
     维度 1: 十进制=-1.957427, 十六进制=0xbffa8cf8
     维度 2: 十进制=0.901450, 十六进制=0x3f66c56e
     维度 3: 十进制=1.691767, 十六进制=0x3fd88bd5
     维度 4: 十进制=1.229073, 十六进制=0x3f9d5246

--- 参数组: predictor.weight --- (形状: torch.Size([15, 4]))
💡 含义: 这些参数定义了词汇之间的'转移规则'或'引力强度'。
   它们决定了当模型看到一个词时，它的'意义向量'会如何影响下一个词出现的可能性。
   例如，如果'小猫'的'活泼'维度很高，并且'跑步'的某个权重对'活泼'维度很敏感，那么'小猫'后面就更容易出现'跑步'。

   预测下一个词为 '<start>' (ID:0) 的权重（受前一个词的4个维度影响）:
     影响来自前一个词的维度 1: 十进制=-0.724539, 十六进制=0xbf397b62
     影响来自前一个词的维度 2: 十进制=0.201454, 十六进制=0x3e4e49e1
     影响来自前一个词的维度 3: 十进制=1.234965, 十六进制=0x3f9e1355
     影响来自前一个词的维度 4: 十进制=-0.556458, 十六进制=0xbf0e7407

   预测下一个词为 '<end>' (ID:1) 的权重（受前一个词的4个维度影响）:
     影响来自前一个词的维度 1: 十进制=-1.675194, 十六进制=0xbfd66cc0
     影响来自前一个词的维度 2: 十进制=0.898262, 十六进制=0x3f65f481
     影响来自前一个词的维度 3: 十进制=4.237630, 十六进制=0x40879aab
     影响来自前一个词的维度 4: 十进制=-0.052560, 十六进制=0xbd5748ba

   预测下一个词为 '小猫' (ID:2) 的权重（受前一个词的4个维度影响）:
     影响来自前一个词的维度 1: 十进制=-0.920921, 十六进制=0xbf6bc17c
     影响来自前一个词的维度 2: 十进制=-0.921991, 十六进制=0xbf6c0793
     影响来自前一个词的维度 3: 十进制=-0.456976, 十六进制=0xbee9f8c0
     影响来自前一个词的维度 4: 十进制=0.642378, 十六进制=0x3f2472dd

   预测下一个词为 '小狗' (ID:3) 的权重（受前一个词的4个维度影响）:
     影响来自前一个词的维度 1: 十进制=-0.876667, 十六进制=0xbf606d47
     影响来自前一个词的维度 2: 十进制=-0.945063, 十六进制=0xbf71efa5
     影响来自前一个词的维度 3: 十进制=-0.443016, 十六进制=0xbee2d2f3
     影响来自前一个词的维度 4: 十进制=0.483871, 十六进制=0x3ef7be00

   预测下一个词为 '鸟儿' (ID:4) 的权重（受前一个词的4个维度影响）:
     影响来自前一个词的维度 1: 十进制=-0.689941, 十六进制=0xbf309ff1
     影响来自前一个词的维度 2: 十进制=-0.946275, 十六进制=0xbf723f13
     影响来自前一个词的维度 3: 十进制=-0.442084, 十六进制=0xbee258cd
     影响来自前一个词的维度 4: 十进制=0.549601, 十六进制=0x3f0cb2a6

   预测下一个词为 '跑步' (ID:5) 的权重（受前一个词的4个维度影响）:
     影响来自前一个词的维度 1: 十进制=1.067280, 十六进制=0x3f889c9f
     影响来自前一个词的维度 2: 十进制=0.391607, 十六进制=0x3ec880b9
     影响来自前一个词的维度 3: 十进制=-0.095070, 十六进制=0xbdc2b3eb
     影响来自前一个词的维度 4: 十进制=-0.954974, 十六进制=0xbf747934

   预测下一个词为 '飞翔' (ID:6) 的权重（受前一个词的4个维度影响）:
     影响来自前一个词的维度 1: 十进制=-1.165254, 十六进制=0xbf952708
     影响来自前一个词的维度 2: 十进制=-0.715389, 十六进制=0xbf3723ba
     影响来自前一个词的维度 3: 十进制=-0.718822, 十六进制=0xbf3804b7
     影响来自前一个词的维度 4: 十进制=-1.728327, 十六进制=0xbfdd39cf

   预测下一个词为 '睡觉' (ID:7) 的权重（受前一个词的4个维度影响）:
     影响来自前一个词的维度 1: 十进制=0.981596, 十六进制=0x3f7b49dc
     影响来自前一个词的维度 2: 十进制=0.434567, 十六进制=0x3ede7f98
     影响来自前一个词的维度 3: 十进制=-0.046146, 十六进制=0xbd3d0396
     影响来自前一个词的维度 4: 十进制=-0.942437, 十六进制=0xbf714389

   预测下一个词为 '快乐' (ID:8) 的权重（受前一个词的4个维度影响）:
     影响来自前一个词的维度 1: 十进制=1.013032, 十六进制=0x3f81ab09
     影响来自前一个词的维度 2: 十进制=0.408692, 十六进制=0x3ed1401f
     影响来自前一个词的维度 3: 十进制=-0.075385, 十六进制=0xbd9a63a4
     影响来自前一个词的维度 4: 十进制=-0.959194, 十六进制=0xbf758dbe

   预测下一个词为 '安静' (ID:9) 的权重（受前一个词的4个维度影响）:
     影响来自前一个词的维度 1: 十进制=-1.124594, 十六进制=0xbf8ff2b3
     影响来自前一个词的维度 2: 十进制=-0.659800, 十六进制=0xbf28e8a9
     影响来自前一个词的维度 3: 十进制=-1.010589, 十六进制=0xbf815afb
     影响来自前一个词的维度 4: 十进制=-1.675107, 十六进制=0xbfd669e9

   预测下一个词为 '在' (ID:10) 的权重（受前一个词的4个维度影响）:
     影响来自前一个词的维度 1: 十进制=0.220017, 十六进制=0x3e614c2b
     影响来自前一个词的维度 2: 十进制=-0.351857, 十六进制=0xbeb4269d
     影响来自前一个词的维度 3: 十进制=-1.507344, 十六进制=0xbfc0f0a2
     影响来自前一个词的维度 4: 十进制=-1.499045, 十六进制=0xbfbfe0b6

   预测下一个词为 '花园' (ID:11) 的权重（受前一个词的4个维度影响）:
     影响来自前一个词的维度 1: 十进制=-0.199560, 十六进制=0xbe4c5954
     影响来自前一个词的维度 2: 十进制=0.907352, 十六进制=0x3f684834
     影响来自前一个词的维度 3: 十进制=-0.278891, 十六进制=0xbe8ecadd
     影响来自前一个词的维度 4: 十进制=0.803798, 十六进制=0x3f4dc5b9

   预测下一个词为 '天空' (ID:12) 的权重（受前一个词的4个维度影响）:
     影响来自前一个词的维度 1: 十进制=-0.189318, 十六进制=0xbe41dca9
     影响来自前一个词的维度 2: 十进制=0.895139, 十六进制=0x3f6527d7
     影响来自前一个词的维度 3: 十进制=-0.260769, 十六进制=0xbe858380
     影响来自前一个词的维度 4: 十进制=0.878522, 十六进制=0x3f60e6d8

   预测下一个词为 '里' (ID:13) 的权重（受前一个词的4个维度影响）:
     影响来自前一个词的维度 1: 十进制=-0.675612, 十六进制=0xbf2cf4f0
     影响来自前一个词的维度 2: 十进制=1.535453, 十六进制=0x3fc489b8
     影响来自前一个词的维度 3: 十进制=2.429744, 十六进制=0x401b80ed
     影响来自前一个词的维度 4: 十进制=-2.359092, 十六进制=0xc016fb5b

   预测下一个词为 '中' (ID:14) 的权重（受前一个词的4个维度影响）:
     影响来自前一个词的维度 1: 十进制=-0.484615, 十六进制=0xbef81f66
     影响来自前一个词的维度 2: 十进制=-1.773981, 十六进制=0xbfe311cf
     影响来自前一个词的维度 3: 十进制=3.593220, 十六进制=0x4065f74f
     影响来自前一个词的维度 4: 十进制=-1.524003, 十六进制=0xbfc3128b

--- 参数组: predictor.bias --- (形状: torch.Size([15]))
💡 含义: 这些参数定义了每个词汇的'基础偏好'或'默认倾向'。
   它们是模型在没有任何前文信息时，对某个词出现的'初始分数'。
   例如，如果'跑步'的偏置很高，那么它就比偏置低的词更容易被选作下一个词，即使前一个词对它的影响不大。

   词汇 '<start>' (ID:0) 的基础偏置: 十进制=-2.929358, 十六进制=0xc03b7a9a
   词汇 '<end>' (ID:1) 的基础偏置: 十进制=0.973366, 十六进制=0x3f792e88
   词汇 '小猫' (ID:2) 的基础偏置: 十进制=-0.472981, 十六进制=0xbef22a81
   词汇 '小狗' (ID:3) 的基础偏置: 十进制=-0.304233, 十六进制=0xbe9bc46c
   词汇 '鸟儿' (ID:4) 的基础偏置: 十进制=-0.123584, 十六进制=0xbdfd1960
   词汇 '跑步' (ID:5) 的基础偏置: 十进制=0.203920, 十六进制=0x3e50d067
   词汇 '飞翔' (ID:6) 的基础偏置: 十进制=-0.537483, 十六进制=0xbf099875
   词汇 '睡觉' (ID:7) 的基础偏置: 十进制=0.570436, 十六进制=0x3f120817
   词汇 '快乐' (ID:8) 的基础偏置: 十进制=0.462500, 十六进制=0x3eecccd7
   词汇 '安静' (ID:9) 的基础偏置: 十进制=-0.857750, 十六进制=0xbf5b9580
   词汇 '在' (ID:10) 的基础偏置: 十进制=0.076663, 十六进制=0x3d9d0167
   词汇 '花园' (ID:11) 的基础偏置: 十进制=-0.569407, 十六进制=0xbf11c4a2
   词汇 '天空' (ID:12) 的基础偏置: 十进制=-0.695514, 十六进制=0xbf320d35
   词汇 '里' (ID:13) 的基础偏置: 十进制=-1.474396, 十六进制=0xbfbcb900
   词汇 '中' (ID:14) 的基础偏置: 十进制=-1.284587, 十六进制=0xbfa46d5c

============================================================
✨ 总结：
这些数字，无论是十进制还是十六进制，都是PhiloMini'大脑'的全部知识。
它们共同决定了模型如何理解词汇、如何推理词汇之间的关系，最终生成新的文本。
虽然十六进制看起来神秘，但它只是浮点数在计算机中的一种存储形式。
真正有意义的是这些浮点数的大小和它们在模型结构中的位置和作用。
就像基因的ATCG序列本身没有意义，但它们编码的蛋白质和生命功能才有意义一样。
AI的智能，就藏在这些看似无序的数字排列中，通过精妙的数学运算，涌现出理解和创造的能力。
