🧠 PhilosoMini: 探索智能的最小完整单元

============================================================
🔬 PhilosoMini实验：用最少参数理解语言智能
探索问题：智能的最小完整单元是什么？

📖 哲学训练语料:
   词汇表大小: 15
   训练句子数: 10
   示例句子:
     1. 小猫 跑步
     2. 小狗 跑步
     3. 鸟儿 飞翔
   ...(更多句子体现动物-动作-场所的基本模式)

🔢 模型参数统计:
   词汇量: 15
   嵌入维度: 4
   嵌入层参数: 60
   预测层参数: 75
   总参数量: 135
   (相当于人脑神经连接的10^-12分之一)

🍼 训练前的生成（随机状态）:
   未训练输出: '小猫 小猫 快乐 跑步 快乐 小狗 天空 小狗'
   （基本是随机的，没有语言逻辑）

🎓 开始训练过程:
   训练轮数: 100
   学习任务: 给定当前词，预测最可能的下一词
   训练样本数: 34

   第 20轮: 平均损失 = 0.9085
   第 40轮: 平均损失 = 0.7998
   第 60轮: 平均损失 = 0.7852
   第 80轮: 平均损失 = 0.7788
   第100轮: 平均损失 = 0.7749
   🎉 训练完成！模型已学会基本的语言转移模式

🔍 分析模型学到的语言模式:
   '<start>' 之后最可能的词:
     1. '小猫' (概率: 0.398)
     2. '鸟儿' (概率: 0.301)
     3. '小狗' (概率: 0.296)

   '小猫' 之后最可能的词:
     1. '在' (概率: 0.256)
     2. '快乐' (概率: 0.255)
     3. '睡觉' (概率: 0.250)

   '小狗' 之后最可能的词:
     1. '睡觉' (概率: 0.345)
     2. '快乐' (概率: 0.337)
     3. '跑步' (概率: 0.297)

   '鸟儿' 之后最可能的词:
     1. '在' (概率: 0.360)
     2. '飞翔' (概率: 0.315)
     3. '安静' (概率: 0.307)

   '在' 之后最可能的词:
     1. '天空' (概率: 0.511)
     2. '花园' (概率: 0.480)
     3. '飞翔' (概率: 0.002)

🌟 探索词汇的意义空间:
   词汇相似性分析（余弦相似度）:
   最相似的词对:
     '安静' ↔ '中': 0.957
     '飞翔' ↔ '里': 0.940
     '跑步' ↔ '安静': 0.912
     '快乐' ↔ '里': 0.908
     '睡觉' ↔ '里': 0.879

🧠 训练后的智能生成:
📝 以'小猫'开始的生成:
   温度0.1: '小猫 睡觉'
   温度0.8: '小猫 跑步'
   温度1.5: '小猫 睡觉'

📝 以'鸟儿'开始的生成:
   温度0.1: '鸟儿 飞翔'
   温度0.8: '鸟儿 飞翔'
   温度1.5: '鸟儿 安静'

📝 以'小狗'开始的生成:
   温度0.1: '小狗 跑步'
   温度0.8: '小狗 跑步'
   温度1.5: '小狗 快乐'

============================================================
🤔 哲学反思：智能的本质特征
============================================================
💭 我们观察到了什么？

1. 【参数的哲学意义】
   仅用135个数字，模型就能展现基本的语言能力
   这些参数编码了词汇的'意义'和词间的'关系'
   意义不再是抽象概念，而是具体的数学向量

2. 【学习的本质】
   训练过程就是不断调整这些数字
   每次调整都让模型更好地预测'下一个词'
   这类似于人类通过经验修正直觉的过程

3. 【创造性的数学基础】
   温度参数控制随机性与确定性的平衡
   创造性可能就是'有约束的随机性'
   AI的'想象力'源于概率分布的采样

4. 【涌现现象】
   简单的数学运算重复应用产生了复杂行为
   智能可能是复杂性的涌现特性
   从量变到质变的哲学原理在此体现

5. 【规模效应的启示】
   如果135个参数能产生基本智能...
   那么万亿参数的模型会展现什么能力？
   这让我们思考智能的边界和可能性

✨ 实验结论:
   通过这个极简模型，我们看到了智能的基本机制：
   - 符号到意义的映射（词嵌入）
   - 模式识别与预测（线性变换）
   - 创造性生成（概率采样）
   - 从经验到智慧（参数学习）

   正如老子所言：'道生一，一生二，二生三，三生万物'
   简单的数学原理，经过层层组合，最终通向了人工智能的无限可能。
